c:\users\jpetcu\source\repos\pai2\pai2\debug\pai2.pch
c:\users\jpetcu\source\repos\pai2\pai2\debug\vc141.pdb
c:\users\jpetcu\source\repos\pai2\pai2\debug\vc141.idb
c:\users\jpetcu\source\repos\pai2\pai2\debug\stdafx.obj
c:\users\jpetcu\source\repos\pai2\pai2\debug\player.obj
c:\users\jpetcu\source\repos\pai2\pai2\debug\pai2.obj
c:\users\jpetcu\source\repos\pai2\pai2\debug\game.obj
c:\users\jpetcu\source\repos\pai2\pai2\debug\deck.obj
c:\users\jpetcu\source\repos\pai2\pai2\debug\card.obj
c:\users\jpetcu\source\repos\pai2\pai2\debug\raiseaction.obj
c:\users\jpetcu\source\repos\pai2\pai2\debug\foldaction.obj
c:\users\jpetcu\source\repos\pai2\pai2\debug\checkaction.obj
c:\users\jpetcu\source\repos\pai2\pai2\debug\callaction.obj
c:\users\jpetcu\source\repos\pai2\pai2\debug\betaction.obj
c:\users\jpetcu\source\repos\pai2\pai2\debug\action.obj
c:\users\jpetcu\source\repos\pai2\pai2\debug\cashier.obj
c:\users\jpetcu\source\repos\pai2\pai2\debug\ehscalculator.obj
c:\users\jpetcu\source\repos\pai2\pai2\debug\fiveeval.obj
c:\users\jpetcu\source\repos\pai2\debug\pai2.exe
c:\users\jpetcu\source\repos\pai2\debug\pai2.ilk
c:\users\jpetcu\source\repos\pai2\debug\pai2.pdb
c:\users\jpetcu\source\repos\pai2\pai2\debug\cashier.obj.enc
c:\users\jpetcu\source\repos\pai2\pai2\debug\ehscalculator.obj.enc
c:\users\jpetcu\source\repos\pai2\pai2\debug\game.obj.enc
c:\users\jpetcu\source\repos\pai2\pai2\debug\pai2.tlog\cl.command.1.tlog
c:\users\jpetcu\source\repos\pai2\pai2\debug\pai2.tlog\cl.read.1.tlog
c:\users\jpetcu\source\repos\pai2\pai2\debug\pai2.tlog\cl.write.1.tlog
c:\users\jpetcu\source\repos\pai2\pai2\debug\pai2.tlog\link.command.1.tlog
c:\users\jpetcu\source\repos\pai2\pai2\debug\pai2.tlog\link.read.1.tlog
c:\users\jpetcu\source\repos\pai2\pai2\debug\pai2.tlog\link.write.1.tlog
